[2025-10-07T02:28:09.173+0000] {processor.py:161} INFO - Started process (PID=72) to work on /opt/airflow/dags/src/lab.py
[2025-10-07T02:28:09.174+0000] {processor.py:830} INFO - Processing file /opt/airflow/dags/src/lab.py for tasks to queue
[2025-10-07T02:28:09.177+0000] {logging_mixin.py:188} INFO - [2025-10-07T02:28:09.176+0000] {dagbag.py:545} INFO - Filling up the DagBag from /opt/airflow/dags/src/lab.py
[2025-10-07T02:28:11.475+0000] {processor.py:842} WARNING - No viable dags retrieved from /opt/airflow/dags/src/lab.py
[2025-10-07T02:28:11.490+0000] {processor.py:183} INFO - Processing /opt/airflow/dags/src/lab.py took 2.319 seconds
[2025-10-07T02:28:41.774+0000] {processor.py:161} INFO - Started process (PID=106) to work on /opt/airflow/dags/src/lab.py
[2025-10-07T02:28:41.775+0000] {processor.py:830} INFO - Processing file /opt/airflow/dags/src/lab.py for tasks to queue
[2025-10-07T02:28:41.778+0000] {logging_mixin.py:188} INFO - [2025-10-07T02:28:41.778+0000] {dagbag.py:545} INFO - Filling up the DagBag from /opt/airflow/dags/src/lab.py
[2025-10-07T02:28:42.449+0000] {processor.py:842} WARNING - No viable dags retrieved from /opt/airflow/dags/src/lab.py
[2025-10-07T02:28:42.454+0000] {processor.py:183} INFO - Processing /opt/airflow/dags/src/lab.py took 0.685 seconds
[2025-10-07T02:29:12.855+0000] {processor.py:161} INFO - Started process (PID=134) to work on /opt/airflow/dags/src/lab.py
[2025-10-07T02:29:12.857+0000] {processor.py:830} INFO - Processing file /opt/airflow/dags/src/lab.py for tasks to queue
[2025-10-07T02:29:12.859+0000] {logging_mixin.py:188} INFO - [2025-10-07T02:29:12.859+0000] {dagbag.py:545} INFO - Filling up the DagBag from /opt/airflow/dags/src/lab.py
[2025-10-07T02:29:13.551+0000] {processor.py:842} WARNING - No viable dags retrieved from /opt/airflow/dags/src/lab.py
[2025-10-07T02:29:13.555+0000] {processor.py:183} INFO - Processing /opt/airflow/dags/src/lab.py took 0.713 seconds
[2025-10-07T02:29:43.842+0000] {processor.py:161} INFO - Started process (PID=162) to work on /opt/airflow/dags/src/lab.py
[2025-10-07T02:29:43.844+0000] {processor.py:830} INFO - Processing file /opt/airflow/dags/src/lab.py for tasks to queue
[2025-10-07T02:29:43.847+0000] {logging_mixin.py:188} INFO - [2025-10-07T02:29:43.847+0000] {dagbag.py:545} INFO - Filling up the DagBag from /opt/airflow/dags/src/lab.py
[2025-10-07T02:29:44.468+0000] {processor.py:842} WARNING - No viable dags retrieved from /opt/airflow/dags/src/lab.py
[2025-10-07T02:29:44.478+0000] {processor.py:183} INFO - Processing /opt/airflow/dags/src/lab.py took 0.647 seconds
