[2025-10-07T02:28:09.230+0000] {processor.py:161} INFO - Started process (PID=73) to work on /opt/airflow/dags/airflow.py
[2025-10-07T02:28:09.231+0000] {processor.py:830} INFO - Processing file /opt/airflow/dags/airflow.py for tasks to queue
[2025-10-07T02:28:09.237+0000] {logging_mixin.py:188} INFO - [2025-10-07T02:28:09.236+0000] {dagbag.py:545} INFO - Filling up the DagBag from /opt/airflow/dags/airflow.py
[2025-10-07T02:28:11.498+0000] {processor.py:840} INFO - DAG(s) 'EPL_Goal_Prediction_Pipeline' retrieved from /opt/airflow/dags/airflow.py
[2025-10-07T02:28:11.642+0000] {logging_mixin.py:188} INFO - [2025-10-07T02:28:11.641+0000] {dag.py:3096} INFO - Sync 1 DAGs
[2025-10-07T02:28:11.647+0000] {logging_mixin.py:188} INFO - [2025-10-07T02:28:11.646+0000] {dag.py:3954} INFO - Setting next_dagrun for EPL_Goal_Prediction_Pipeline to None, run_after=None
[2025-10-07T02:28:11.655+0000] {processor.py:183} INFO - Processing /opt/airflow/dags/airflow.py took 2.432 seconds
[2025-10-07T02:28:41.774+0000] {processor.py:161} INFO - Started process (PID=107) to work on /opt/airflow/dags/airflow.py
[2025-10-07T02:28:41.776+0000] {processor.py:830} INFO - Processing file /opt/airflow/dags/airflow.py for tasks to queue
[2025-10-07T02:28:41.777+0000] {logging_mixin.py:188} INFO - [2025-10-07T02:28:41.777+0000] {dagbag.py:545} INFO - Filling up the DagBag from /opt/airflow/dags/airflow.py
[2025-10-07T02:28:42.450+0000] {processor.py:840} INFO - DAG(s) 'EPL_Goal_Prediction_Pipeline' retrieved from /opt/airflow/dags/airflow.py
[2025-10-07T02:28:42.460+0000] {logging_mixin.py:188} INFO - [2025-10-07T02:28:42.460+0000] {dag.py:3096} INFO - Sync 1 DAGs
[2025-10-07T02:28:42.464+0000] {logging_mixin.py:188} INFO - [2025-10-07T02:28:42.464+0000] {dag.py:3954} INFO - Setting next_dagrun for EPL_Goal_Prediction_Pipeline to None, run_after=None
[2025-10-07T02:28:42.469+0000] {processor.py:183} INFO - Processing /opt/airflow/dags/airflow.py took 0.698 seconds
[2025-10-07T02:29:12.855+0000] {processor.py:161} INFO - Started process (PID=135) to work on /opt/airflow/dags/airflow.py
[2025-10-07T02:29:12.858+0000] {processor.py:830} INFO - Processing file /opt/airflow/dags/airflow.py for tasks to queue
[2025-10-07T02:29:12.859+0000] {logging_mixin.py:188} INFO - [2025-10-07T02:29:12.858+0000] {dagbag.py:545} INFO - Filling up the DagBag from /opt/airflow/dags/airflow.py
[2025-10-07T02:29:13.522+0000] {processor.py:840} INFO - DAG(s) 'EPL_Goal_Prediction_Pipeline' retrieved from /opt/airflow/dags/airflow.py
[2025-10-07T02:29:13.533+0000] {logging_mixin.py:188} INFO - [2025-10-07T02:29:13.533+0000] {dag.py:3096} INFO - Sync 1 DAGs
[2025-10-07T02:29:13.538+0000] {logging_mixin.py:188} INFO - [2025-10-07T02:29:13.538+0000] {dag.py:3954} INFO - Setting next_dagrun for EPL_Goal_Prediction_Pipeline to None, run_after=None
[2025-10-07T02:29:13.544+0000] {processor.py:183} INFO - Processing /opt/airflow/dags/airflow.py took 0.702 seconds
[2025-10-07T02:29:43.842+0000] {processor.py:161} INFO - Started process (PID=163) to work on /opt/airflow/dags/airflow.py
[2025-10-07T02:29:43.843+0000] {processor.py:830} INFO - Processing file /opt/airflow/dags/airflow.py for tasks to queue
[2025-10-07T02:29:43.847+0000] {logging_mixin.py:188} INFO - [2025-10-07T02:29:43.846+0000] {dagbag.py:545} INFO - Filling up the DagBag from /opt/airflow/dags/airflow.py
[2025-10-07T02:29:44.489+0000] {processor.py:840} INFO - DAG(s) 'EPL_Goal_Prediction_Pipeline' retrieved from /opt/airflow/dags/airflow.py
[2025-10-07T02:29:44.502+0000] {logging_mixin.py:188} INFO - [2025-10-07T02:29:44.502+0000] {dag.py:3096} INFO - Sync 1 DAGs
[2025-10-07T02:29:44.506+0000] {logging_mixin.py:188} INFO - [2025-10-07T02:29:44.506+0000] {dag.py:3954} INFO - Setting next_dagrun for EPL_Goal_Prediction_Pipeline to None, run_after=None
[2025-10-07T02:29:44.511+0000] {processor.py:183} INFO - Processing /opt/airflow/dags/airflow.py took 0.677 seconds
